cbm_hbi_hbi                                       06-Feb-2024 16:27:50
Running hierarchical bayesian inference (HBI)...

HBI has been initialized according to
	results/fixed_effects_abs_val.mat [for model 1]
	results/fixed_effects_dv_norm.mat [for model 2]
	results/fixed_effects_mc_norm.mat [for model 3]
	results/fixed_effects_rw_norm.mat [for model 4]
 
Number of samples: 14
Number of models: 4
======================================================================
Iteration 01
Iteration 02
	model frequencies (percent)
	model 1: 39.9| model 2: 21.1| model 3: 3.5| model 4: 35.5| 
                                                           dL:   13.96
                                                           dm:   60.12
                                                           dx:    0.53
Iteration 03
	model frequencies (percent)
	model 1: 41.2| model 2: 24.7| model 3: 0.3| model 4: 33.8| 
                                                           dL:    3.37
                                                           dm:    1.36
                                                           dx:    0.76
Iteration 04
	model frequencies (percent)
	model 1: 40.9| model 2: 27.0| model 3: 0.0| model 4: 32.1| 
                                                           dL:    1.69
                                                           dm:    0.34
                                                           dx:    0.81
Iteration 05
	model frequencies (percent)
	model 1: 40.6| model 2: 28.4| model 3: 0.0| model 4: 31.0| 
                                                           dL:    0.06
                                                           dm:    0.28
                                                           dx:    0.13
Iteration 06
	model frequencies (percent)
	model 1: 40.5| model 2: 29.3| model 3: 0.0| model 4: 30.2| 
                                                           dL:    0.03
                                                           dm:    0.15
                                                           dx:    0.04
Iteration 07
	model frequencies (percent)
	model 1: 40.4| model 2: 29.9| model 3: 0.0| model 4: 29.7| 
                                                           dL:    0.01
                                                           dm:    0.09
                                                           dx:    0.03
Iteration 08
	model frequencies (percent)
	model 1: 40.3| model 2: 30.4| model 3: 0.0| model 4: 29.3| 
                                                           dL:    0.01
                                                           dm:    0.05
                                                           dx:    0.03
Iteration 09
	model frequencies (percent)
	model 1: 40.3| model 2: 30.8| model 3: 0.0| model 4: 28.9| 
                                                           dL:    0.00
                                                           dm:    0.03
                                                           dx:    0.02
Iteration 10
	model frequencies (percent)
	model 1: 40.3| model 2: 31.0| model 3: 0.0| model 4: 28.7| 
                                                           dL:   -0.00
                                                           dm:    0.02
                                                           dx:    0.02
Iteration 11
	model frequencies (percent)
	model 1: 40.3| model 2: 31.2| model 3: 0.0| model 4: 28.5| 
                                                           dL:   -0.00
                                                           dm:    0.01
                                                           dx:    0.02
Iteration 12
	model frequencies (percent)
	model 1: 40.3| model 2: 31.4| model 3: 0.0| model 4: 28.4| 
                                                           dL:   -0.00
                                                           dm:    0.01
                                                           dx:    0.01
Iteration 13
	model frequencies (percent)
	model 1: 40.2| model 2: 31.5| model 3: 0.0| model 4: 28.3| 
                                                           dL:   -0.00
                                                           dm:    0.01
                                                           dx:    0.01
Iteration 14
	model frequencies (percent)
	model 1: 40.2| model 2: 31.6| model 3: 0.0| model 4: 28.2| 
                                                           dL:   -0.00
                                                           dm:    0.01
                                                           dx:    0.01
                                                          Converged :]
